<?xml version="1.0" encoding="UTF-8"?>
<testng-results ignored="0" total="1" passed="1" failed="0" skipped="0">
  <reporter-output>
  </reporter-output>
  <suite started-at="2024-02-29T13:56:59 IST" name="Default suite" finished-at="2024-02-29T13:57:23 IST" duration-ms="24786">
    <groups>
    </groups>
    <test started-at="2024-02-29T13:56:59 IST" name="Default test" finished-at="2024-02-29T13:57:23 IST" duration-ms="24786">
      <class name="seleniumPractice.Response_code_onListOperation">
        <test-method signature="response_on_list()[pri:0, instance:seleniumPractice.Response_code_onListOperation@60f00693]" started-at="2024-02-29T13:56:59 IST" name="response_on_list" finished-at="2024-02-29T13:57:23 IST" duration-ms="24596" status="PASS">
          <reporter-output>
          </reporter-output>
        </test-method> <!-- response_on_list -->
      </class> <!-- seleniumPractice.Response_code_onListOperation -->
    </test> <!-- Default test -->
  </suite> <!-- Default suite -->
</testng-results>
