<?xml version="1.0" encoding="UTF-8"?>
<!-- Generated by org.testng.reporters.JUnitXMLReporter -->
<testsuite ignored="1" hostname="LAPTOP-1N3TH4EI" failures="0" tests="4" name="Test" time="0.177" errors="0" timestamp="2023-12-23T18:42:40 IST">
  <testcase classname="seleniumPractice.Groups_concepts" name="testCaseNo1" time="0.023"/>
  <testcase classname="seleniumPractice.Groups_concepts" name="testCaseNo4" time="0.003"/>
  <testcase classname="seleniumPractice.Groups_concepts" name="testCaseNo5" time="0.002"/>
  <testcase classname="seleniumPractice.Groups_concepts" name="testCaseNo2" time="0.003"/>
  <testcase classname="seleniumPractice.Groups_concepts" name="testCaseNo3" time="0.0">
    <ignored/>
  </testcase> <!-- testCaseNo3 -->
</testsuite> <!-- Test -->
